c:\users\wın8\documents\vısual studıo 2015\projects\sampleopenglproject2\sampleopenglproject\debug\vc140.pdb
c:\users\wın8\documents\vısual studıo 2015\projects\sampleopenglproject2\sampleopenglproject\debug\vc140.ıdb
c:\users\wın8\documents\vısual studıo 2015\projects\sampleopenglproject2\sampleopenglproject\debug\angel.obj
c:\users\wın8\documents\vısual studıo 2015\projects\sampleopenglproject2\sampleopenglproject\debug\source.obj
c:\users\wın8\desktop\sampleopenglproject2\sampleopenglproject\debug\vc140.pdb
c:\users\wın8\desktop\sampleopenglproject2\sampleopenglproject\debug\vc140.ıdb
c:\users\wın8\desktop\sampleopenglproject2\sampleopenglproject\debug\angel.obj
c:\users\wın8\desktop\sampleopenglproject2\sampleopenglproject\debug\source.obj
c:\users\wın8\documents\vısual studıo 2015\projects\sampleopenglproject2\debug\sampleopenglproject.ılk
c:\users\wın8\documents\vısual studıo 2015\projects\sampleopenglproject2\debug\sampleopenglproject.exe
c:\users\wın8\documents\vısual studıo 2015\projects\sampleopenglproject2\debug\sampleopenglproject.pdb
c:\users\wın8\desktop\sampleopenglproject2\debug\sampleopenglproject.ılk
c:\users\wın8\desktop\sampleopenglproject2\debug\sampleopenglproject.exe
c:\users\wın8\desktop\sampleopenglproject2\debug\sampleopenglproject.pdb
c:\users\win8\desktop\sampleopenglproject2\sampleopenglproject\debug\angel.obj
c:\users\win8\desktop\sampleopenglproject2\sampleopenglproject\debug\source.obj
c:\users\win8\desktop\sampleopenglproject2\sampleopenglproject\debug\vc140.idb
c:\users\win8\desktop\sampleopenglproject2\sampleopenglproject\debug\vc140.pdb
c:\users\win8\desktop\sampleopenglproject2\debug\sampleopenglproject.pdb
c:\users\win8\desktop\sampleopenglproject2\debug\sampleopenglproject.exe
c:\users\win8\desktop\sampleopenglproject2\debug\sampleopenglproject.ilk
c:\users\win8\desktop\sampleopenglproject2\sampleopenglproject\debug\sampleop.c4ab5d61.tlog\cl.command.1.tlog
c:\users\win8\desktop\sampleopenglproject2\sampleopenglproject\debug\sampleop.c4ab5d61.tlog\cl.read.1.tlog
c:\users\win8\desktop\sampleopenglproject2\sampleopenglproject\debug\sampleop.c4ab5d61.tlog\cl.write.1.tlog
c:\users\win8\desktop\sampleopenglproject2\sampleopenglproject\debug\sampleop.c4ab5d61.tlog\link.command.1.tlog
c:\users\win8\desktop\sampleopenglproject2\sampleopenglproject\debug\sampleop.c4ab5d61.tlog\link.read.1.tlog
c:\users\win8\desktop\sampleopenglproject2\sampleopenglproject\debug\sampleop.c4ab5d61.tlog\link.write.1.tlog
